# JRE version: OpenJDK Runtime Environment (11.0.12+7) (build 11.0.12+7-b1504.28-7817840)
# Java VM: OpenJDK 64-Bit Server VM (11.0.12+7-b1504.28-7817840, mixed mode, tiered, compressed oops, g1 gc, windows-amd64)
Heap:
 garbage-first heap   total 763904K, used 289280K [0x0000000080000000, 0x0000000100000000)
  region size 1024K, 9 young (9216K), 9 survivors (9216K)
 Metaspace       used 102110K, capacity 104705K, committed 104912K, reserved 1140736K
  class space    used 13033K, capacity 14030K, committed 14080K, reserved 1048576K
GC Heap History (20 events):
Event: 33.750 GC heap after
{Heap after GC invocations=31 (full 0):
 garbage-first heap   total 231424K, used 149538K [0x0000000080000000, 0x0000000100000000)
  region size 1024K, 4 young (4096K), 4 survivors (4096K)
 Metaspace       used 96388K, capacity 98745K, committed 98896K, reserved 1134592K
  class space    used 12220K, capacity 13113K, committed 13184K, reserved 1048576K
}
Event: 34.353 GC heap before
{Heap before GC invocations=32 (full 0):
 garbage-first heap   total 231424K, used 184354K [0x0000000080000000, 0x0000000100000000)
  region size 1024K, 37 young (37888K), 4 survivors (4096K)
 Metaspace       used 97906K, capacity 100287K, committed 100432K, reserved 1136640K
  class space    used 12499K, capacity 13393K, committed 13440K, reserved 1048576K
}
Event: 34.395 GC heap after
{Heap after GC invocations=33 (full 0):
 garbage-first heap   total 231424K, used 163049K [0x0000000080000000, 0x0000000100000000)
  region size 1024K, 5 young (5120K), 5 survivors (5120K)
 Metaspace       used 97906K, capacity 100287K, committed 100432K, reserved 1136640K
  class space    used 12499K, capacity 13393K, committed 13440K, reserved 1048576K
}
Event: 34.450 GC heap before
{Heap before GC invocations=33 (full 0):
 garbage-first heap   total 231424K, used 168169K [0x0000000080000000, 0x0000000100000000)
  region size 1024K, 11 young (11264K), 5 survivors (5120K)
 Metaspace       used 98077K, capacity 100472K, committed 100688K, reserved 1136640K
  class space    used 12527K, capacity 13434K, committed 13440K, reserved 1048576K
}
Event: 34.480 GC heap after
{Heap after GC invocations=34 (full 0):
 garbage-first heap   total 278528K, used 163188K [0x0000000080000000, 0x0000000100000000)
  region size 1024K, 2 young (2048K), 2 survivors (2048K)
 Metaspace       used 98077K, capacity 100472K, committed 100688K, reserved 1136640K
  class space    used 12527K, capacity 13434K, committed 13440K, reserved 1048576K
}
Event: 35.304 GC heap before
{Heap before GC invocations=34 (full 0):
 garbage-first heap   total 278528K, used 215412K [0x0000000080000000, 0x0000000100000000)
  region size 1024K, 49 young (50176K), 2 survivors (2048K)
 Metaspace       used 100344K, capacity 102818K, committed 102864K, reserved 1138688K
  class space    used 12856K, capacity 13805K, committed 13824K, reserved 1048576K
}
Event: 35.354 GC heap after
{Heap after GC invocations=35 (full 0):
 garbage-first heap   total 278528K, used 188732K [0x0000000080000000, 0x0000000100000000)
  region size 1024K, 7 young (7168K), 7 survivors (7168K)
 Metaspace       used 100344K, capacity 102818K, committed 102864K, reserved 1138688K
  class space    used 12856K, capacity 13805K, committed 13824K, reserved 1048576K
}
Event: 35.820 GC heap before
{Heap before GC invocations=35 (full 0):
 garbage-first heap   total 278528K, used 218428K [0x0000000080000000, 0x0000000100000000)
  region size 1024K, 37 young (37888K), 7 survivors (7168K)
 Metaspace       used 100484K, capacity 103026K, committed 103120K, reserved 1138688K
  class space    used 12861K, capacity 13809K, committed 13824K, reserved 1048576K
}
Event: 35.874 GC heap after
{Heap after GC invocations=36 (full 0):
 garbage-first heap   total 278528K, used 205824K [0x0000000080000000, 0x0000000100000000)
  region size 1024K, 5 young (5120K), 5 survivors (5120K)
 Metaspace       used 100484K, capacity 103026K, committed 103120K, reserved 1138688K
  class space    used 12861K, capacity 13809K, committed 13824K, reserved 1048576K
}
Event: 36.154 GC heap before
{Heap before GC invocations=36 (full 0):
 garbage-first heap   total 278528K, used 224256K [0x0000000080000000, 0x0000000100000000)
  region size 1024K, 25 young (25600K), 5 survivors (5120K)
 Metaspace       used 100625K, capacity 103158K, committed 103376K, reserved 1138688K
  class space    used 12864K, capacity 13809K, committed 13824K, reserved 1048576K
}
Event: 36.178 GC heap after
{Heap after GC invocations=37 (full 0):
 garbage-first heap   total 278528K, used 214528K [0x0000000080000000, 0x0000000100000000)
  region size 1024K, 4 young (4096K), 4 survivors (4096K)
 Metaspace       used 100625K, capacity 103158K, committed 103376K, reserved 1138688K
  class space    used 12864K, capacity 13809K, committed 13824K, reserved 1048576K
}
Event: 36.325 GC heap before
{Heap before GC invocations=38 (full 0):
 garbage-first heap   total 278528K, used 229888K [0x0000000080000000, 0x0000000100000000)
  region size 1024K, 19 young (19456K), 4 survivors (4096K)
 Metaspace       used 100676K, capacity 103165K, committed 103376K, reserved 1138688K
  class space    used 12868K, capacity 13811K, committed 13824K, reserved 1048576K
}
Event: 36.357 GC heap after
{Heap after GC invocations=39 (full 0):
 garbage-first heap   total 448512K, used 223232K [0x0000000080000000, 0x0000000100000000)
  region size 1024K, 3 young (3072K), 3 survivors (3072K)
 Metaspace       used 100676K, capacity 103165K, committed 103376K, reserved 1138688K
  class space    used 12868K, capacity 13811K, committed 13824K, reserved 1048576K
}
Event: 36.467 GC heap before
{Heap before GC invocations=39 (full 0):
 garbage-first heap   total 448512K, used 241664K [0x0000000080000000, 0x0000000100000000)
  region size 1024K, 21 young (21504K), 3 survivors (3072K)
 Metaspace       used 100775K, capacity 103289K, committed 103504K, reserved 1138688K
  class space    used 12885K, capacity 13832K, committed 13952K, reserved 1048576K
}
Event: 36.490 GC heap after
{Heap after GC invocations=40 (full 0):
 garbage-first heap   total 448512K, used 233416K [0x0000000080000000, 0x0000000100000000)
  region size 1024K, 3 young (3072K), 3 survivors (3072K)
 Metaspace       used 100775K, capacity 103289K, committed 103504K, reserved 1138688K
  class space    used 12885K, capacity 13832K, committed 13952K, reserved 1048576K
}
Event: 37.062 GC heap before
{Heap before GC invocations=40 (full 0):
 garbage-first heap   total 448512K, used 301000K [0x0000000080000000, 0x0000000100000000)
  region size 1024K, 70 young (71680K), 3 survivors (3072K)
 Metaspace       used 101735K, capacity 104384K, committed 104656K, reserved 1140736K
  class space    used 13003K, capacity 13994K, committed 14080K, reserved 1048576K
}
Event: 37.126 GC heap after
{Heap after GC invocations=41 (full 0):
 garbage-first heap   total 448512K, used 262920K [0x0000000080000000, 0x0000000100000000)
  region size 1024K, 9 young (9216K), 9 survivors (9216K)
 Metaspace       used 101735K, capacity 104384K, committed 104656K, reserved 1140736K
  class space    used 13003K, capacity 13994K, committed 14080K, reserved 1048576K
}
Event: 37.592 GC heap before
{Heap before GC invocations=41 (full 0):
 garbage-first heap   total 448512K, used 321288K [0x0000000080000000, 0x0000000100000000)
  region size 1024K, 67 young (68608K), 9 survivors (9216K)
 Metaspace       used 101825K, capacity 104457K, committed 104656K, reserved 1140736K
  class space    used 13012K, capacity 13996K, committed 14080K, reserved 1048576K
}
Event: 37.635 GC heap after
{Heap after GC invocations=42 (full 0):
 garbage-first heap   total 448512K, used 275968K [0x0000000080000000, 0x0000000100000000)
  region size 1024K, 9 young (9216K), 9 survivors (9216K)
 Metaspace       used 101825K, capacity 104457K, committed 104656K, reserved 1140736K
  class space    used 13012K, capacity 13996K, committed 14080K, reserved 1048576K
}
Event: 38.159 GC heap before
{Heap before GC invocations=42 (full 0):
 garbage-first heap   total 448512K, used 334336K [0x0000000080000000, 0x0000000100000000)
  region size 1024K, 66 young (67584K), 9 survivors (9216K)
 Metaspace       used 102110K, capacity 104705K, committed 104912K, reserved 1140736K
  class space    used 13033K, capacity 14030K, committed 14080K, reserved 1048576K
}

