# JRE version: OpenJDK Runtime Environment (11.0.12+7) (build 11.0.12+7-b1504.28-7817840)
# Java VM: OpenJDK 64-Bit Server VM (11.0.12+7-b1504.28-7817840, mixed mode, tiered, compressed oops, g1 gc, windows-amd64)
Heap:
 garbage-first heap   total 226304K, used 114882K [0x0000000080000000, 0x0000000100000000)
  region size 1024K, 1 young (1024K), 1 survivors (1024K)
 Metaspace       used 88697K, capacity 90876K, committed 91116K, reserved 1128448K
  class space    used 11301K, capacity 12118K, committed 12184K, reserved 1048576K
GC Heap History (20 events):
Event: 50.912 GC heap after
{Heap after GC invocations=35 (full 0):
 garbage-first heap   total 129024K, used 98390K [0x0000000080000000, 0x0000000100000000)
  region size 1024K, 1 young (1024K), 1 survivors (1024K)
 Metaspace       used 87777K, capacity 89895K, committed 89964K, reserved 1128448K
  class space    used 11232K, capacity 12014K, committed 12056K, reserved 1048576K
}
Event: 51.113 GC heap before
{Heap before GC invocations=35 (full 0):
 garbage-first heap   total 129024K, used 107606K [0x0000000080000000, 0x0000000100000000)
  region size 1024K, 10 young (10240K), 1 survivors (1024K)
 Metaspace       used 87822K, capacity 90024K, committed 90220K, reserved 1128448K
  class space    used 11233K, capacity 12014K, committed 12056K, reserved 1048576K
}
Event: 51.119 GC heap after
{Heap after GC invocations=36 (full 0):
 garbage-first heap   total 129024K, used 100352K [0x0000000080000000, 0x0000000100000000)
  region size 1024K, 2 young (2048K), 2 survivors (2048K)
 Metaspace       used 87822K, capacity 90024K, committed 90220K, reserved 1128448K
  class space    used 11233K, capacity 12014K, committed 12056K, reserved 1048576K
}
Event: 51.345 GC heap before
{Heap before GC invocations=36 (full 0):
 garbage-first heap   total 129024K, used 108544K [0x0000000080000000, 0x0000000100000000)
  region size 1024K, 10 young (10240K), 2 survivors (2048K)
 Metaspace       used 87957K, capacity 90193K, committed 90348K, reserved 1128448K
  class space    used 11237K, capacity 12047K, committed 12184K, reserved 1048576K
}
Event: 51.354 GC heap after
{Heap after GC invocations=37 (full 0):
 garbage-first heap   total 129024K, used 102265K [0x0000000080000000, 0x0000000100000000)
  region size 1024K, 2 young (2048K), 2 survivors (2048K)
 Metaspace       used 87957K, capacity 90193K, committed 90348K, reserved 1128448K
  class space    used 11237K, capacity 12047K, committed 12184K, reserved 1048576K
}
Event: 51.477 GC heap before
{Heap before GC invocations=37 (full 0):
 garbage-first heap   total 129024K, used 109433K [0x0000000080000000, 0x0000000100000000)
  region size 1024K, 9 young (9216K), 2 survivors (2048K)
 Metaspace       used 87974K, capacity 90196K, committed 90348K, reserved 1128448K
  class space    used 11237K, capacity 12047K, committed 12184K, reserved 1048576K
}
Event: 51.490 GC heap after
{Heap after GC invocations=38 (full 0):
 garbage-first heap   total 129024K, used 106496K [0x0000000080000000, 0x0000000100000000)
  region size 1024K, 2 young (2048K), 2 survivors (2048K)
 Metaspace       used 87974K, capacity 90196K, committed 90348K, reserved 1128448K
  class space    used 11237K, capacity 12047K, committed 12184K, reserved 1048576K
}
Event: 51.636 GC heap before
{Heap before GC invocations=39 (full 0):
 garbage-first heap   total 129024K, used 110592K [0x0000000080000000, 0x0000000100000000)
  region size 1024K, 6 young (6144K), 2 survivors (2048K)
 Metaspace       used 88100K, capacity 90336K, committed 90604K, reserved 1128448K
  class space    used 11248K, capacity 12049K, committed 12184K, reserved 1048576K
}
Event: 51.648 GC heap after
{Heap after GC invocations=40 (full 0):
 garbage-first heap   total 129024K, used 108715K [0x0000000080000000, 0x0000000100000000)
  region size 1024K, 1 young (1024K), 1 survivors (1024K)
 Metaspace       used 88100K, capacity 90336K, committed 90604K, reserved 1128448K
  class space    used 11248K, capacity 12049K, committed 12184K, reserved 1048576K
}
Event: 51.729 GC heap before
{Heap before GC invocations=40 (full 0):
 garbage-first heap   total 129024K, used 113835K [0x0000000080000000, 0x0000000100000000)
  region size 1024K, 6 young (6144K), 1 survivors (1024K)
 Metaspace       used 88113K, capacity 90336K, committed 90604K, reserved 1128448K
  class space    used 11248K, capacity 12049K, committed 12184K, reserved 1048576K
}
Event: 51.737 GC heap after
{Heap after GC invocations=41 (full 0):
 garbage-first heap   total 129024K, used 108858K [0x0000000080000000, 0x0000000100000000)
  region size 1024K, 1 young (1024K), 1 survivors (1024K)
 Metaspace       used 88113K, capacity 90336K, committed 90604K, reserved 1128448K
  class space    used 11248K, capacity 12049K, committed 12184K, reserved 1048576K
}
Event: 51.814 GC heap before
{Heap before GC invocations=41 (full 0):
 garbage-first heap   total 129024K, used 113978K [0x0000000080000000, 0x0000000100000000)
  region size 1024K, 6 young (6144K), 1 survivors (1024K)
 Metaspace       used 88249K, capacity 90477K, committed 90860K, reserved 1128448K
  class space    used 11254K, capacity 12052K, committed 12184K, reserved 1048576K
}
Event: 51.822 GC heap after
{Heap after GC invocations=42 (full 0):
 garbage-first heap   total 155648K, used 108851K [0x0000000080000000, 0x0000000100000000)
  region size 1024K, 1 young (1024K), 1 survivors (1024K)
 Metaspace       used 88249K, capacity 90477K, committed 90860K, reserved 1128448K
  class space    used 11254K, capacity 12052K, committed 12184K, reserved 1048576K
}
Event: 52.116 GC heap before
{Heap before GC invocations=42 (full 0):
 garbage-first heap   total 155648K, used 122163K [0x0000000080000000, 0x0000000100000000)
  region size 1024K, 14 young (14336K), 1 survivors (1024K)
 Metaspace       used 88654K, capacity 90812K, committed 91116K, reserved 1128448K
  class space    used 11301K, capacity 12118K, committed 12184K, reserved 1048576K
}
Event: 52.122 GC heap after
{Heap after GC invocations=43 (full 0):
 garbage-first heap   total 155648K, used 109416K [0x0000000080000000, 0x0000000100000000)
  region size 1024K, 1 young (1024K), 1 survivors (1024K)
 Metaspace       used 88654K, capacity 90812K, committed 91116K, reserved 1128448K
  class space    used 11301K, capacity 12118K, committed 12184K, reserved 1048576K
}
Event: 52.284 GC heap before
{Heap before GC invocations=43 (full 0):
 garbage-first heap   total 155648K, used 123752K [0x0000000080000000, 0x0000000100000000)
  region size 1024K, 15 young (15360K), 1 survivors (1024K)
 Metaspace       used 88677K, capacity 90812K, committed 91116K, reserved 1128448K
  class space    used 11301K, capacity 12118K, committed 12184K, reserved 1048576K
}
Event: 52.300 GC heap after
{Heap after GC invocations=44 (full 0):
 garbage-first heap   total 155648K, used 114650K [0x0000000080000000, 0x0000000100000000)
  region size 1024K, 2 young (2048K), 2 survivors (2048K)
 Metaspace       used 88677K, capacity 90812K, committed 91116K, reserved 1128448K
  class space    used 11301K, capacity 12118K, committed 12184K, reserved 1048576K
}
Event: 52.377 GC heap before
{Heap before GC invocations=45 (full 0):
 garbage-first heap   total 155648K, used 125914K [0x0000000080000000, 0x0000000100000000)
  region size 1024K, 13 young (13312K), 2 survivors (2048K)
 Metaspace       used 88682K, capacity 90812K, committed 91116K, reserved 1128448K
  class space    used 11301K, capacity 12118K, committed 12184K, reserved 1048576K
}
Event: 52.390 GC heap after
{Heap after GC invocations=46 (full 0):
 garbage-first heap   total 155648K, used 115140K [0x0000000080000000, 0x0000000100000000)
  region size 1024K, 1 young (1024K), 1 survivors (1024K)
 Metaspace       used 88682K, capacity 90812K, committed 91116K, reserved 1128448K
  class space    used 11301K, capacity 12118K, committed 12184K, reserved 1048576K
}
Event: 52.435 GC heap before
{Heap before GC invocations=46 (full 0):
 garbage-first heap   total 155648K, used 121284K [0x0000000080000000, 0x0000000100000000)
  region size 1024K, 7 young (7168K), 1 survivors (1024K)
 Metaspace       used 88697K, capacity 90876K, committed 91116K, reserved 1128448K
  class space    used 11301K, capacity 12118K, committed 12184K, reserved 1048576K
}

