# JRE version: OpenJDK Runtime Environment (11.0.12+7) (build 11.0.12+7-b1504.28-7817840)
# Java VM: OpenJDK 64-Bit Server VM (11.0.12+7-b1504.28-7817840, mixed mode, tiered, compressed oops, g1 gc, windows-amd64)
Heap:
 garbage-first heap   total 759808K, used 267776K [0x0000000080000000, 0x0000000100000000)
  region size 1024K, 5 young (5120K), 5 survivors (5120K)
 Metaspace       used 94654K, capacity 97108K, committed 97232K, reserved 1134592K
  class space    used 12072K, capacity 13037K, committed 13056K, reserved 1048576K
GC Heap History (20 events):
Event: 29.174 GC heap after
{Heap after GC invocations=33 (full 0):
 garbage-first heap   total 225280K, used 115997K [0x0000000080000000, 0x0000000100000000)
  region size 1024K, 3 young (3072K), 3 survivors (3072K)
 Metaspace       used 93344K, capacity 95751K, committed 95824K, reserved 1132544K
  class space    used 11959K, capacity 12885K, committed 12928K, reserved 1048576K
}
Event: 29.672 GC heap before
{Heap before GC invocations=34 (full 0):
 garbage-first heap   total 225280K, used 163101K [0x0000000080000000, 0x0000000100000000)
  region size 1024K, 50 young (51200K), 3 survivors (3072K)
 Metaspace       used 93428K, capacity 95842K, committed 96080K, reserved 1132544K
  class space    used 11961K, capacity 12889K, committed 12928K, reserved 1048576K
}
Event: 29.680 GC heap after
{Heap after GC invocations=35 (full 0):
 garbage-first heap   total 225280K, used 117881K [0x0000000080000000, 0x0000000100000000)
  region size 1024K, 5 young (5120K), 5 survivors (5120K)
 Metaspace       used 93428K, capacity 95842K, committed 96080K, reserved 1132544K
  class space    used 11961K, capacity 12889K, committed 12928K, reserved 1048576K
}
Event: 29.787 GC heap before
{Heap before GC invocations=35 (full 0):
 garbage-first heap   total 225280K, used 123001K [0x0000000080000000, 0x0000000100000000)
  region size 1024K, 11 young (11264K), 5 survivors (5120K)
 Metaspace       used 93513K, capacity 96002K, committed 96080K, reserved 1132544K
  class space    used 11961K, capacity 12889K, committed 12928K, reserved 1048576K
}
Event: 29.803 GC heap after
{Heap after GC invocations=36 (full 0):
 garbage-first heap   total 225280K, used 110960K [0x0000000080000000, 0x0000000100000000)
  region size 1024K, 1 young (1024K), 1 survivors (1024K)
 Metaspace       used 93513K, capacity 96002K, committed 96080K, reserved 1132544K
  class space    used 11961K, capacity 12889K, committed 12928K, reserved 1048576K
}
Event: 30.246 GC heap before
{Heap before GC invocations=36 (full 0):
 garbage-first heap   total 225280K, used 163184K [0x0000000080000000, 0x0000000100000000)
  region size 1024K, 53 young (54272K), 1 survivors (1024K)
 Metaspace       used 94072K, capacity 96506K, committed 96720K, reserved 1132544K
  class space    used 12031K, capacity 12971K, committed 13056K, reserved 1048576K
}
Event: 30.272 GC heap after
{Heap after GC invocations=37 (full 0):
 garbage-first heap   total 225280K, used 118079K [0x0000000080000000, 0x0000000100000000)
  region size 1024K, 7 young (7168K), 7 survivors (7168K)
 Metaspace       used 94072K, capacity 96506K, committed 96720K, reserved 1132544K
  class space    used 12031K, capacity 12971K, committed 13056K, reserved 1048576K
}
Event: 30.946 GC heap before
{Heap before GC invocations=38 (full 0):
 garbage-first heap   total 225280K, used 165183K [0x0000000080000000, 0x0000000100000000)
  region size 1024K, 57 young (58368K), 7 survivors (7168K)
 Metaspace       used 94476K, capacity 96870K, committed 96976K, reserved 1132544K
  class space    used 12069K, capacity 13004K, committed 13056K, reserved 1048576K
}
Event: 30.965 GC heap after
{Heap after GC invocations=39 (full 0):
 garbage-first heap   total 225280K, used 118810K [0x0000000080000000, 0x0000000100000000)
  region size 1024K, 6 young (6144K), 6 survivors (6144K)
 Metaspace       used 94476K, capacity 96870K, committed 96976K, reserved 1132544K
  class space    used 12069K, capacity 13004K, committed 13056K, reserved 1048576K
}
Event: 31.013 GC heap before
{Heap before GC invocations=39 (full 0):
 garbage-first heap   total 225280K, used 123930K [0x0000000080000000, 0x0000000100000000)
  region size 1024K, 11 young (11264K), 6 survivors (6144K)
 Metaspace       used 94486K, capacity 96876K, committed 96976K, reserved 1132544K
  class space    used 12070K, capacity 13005K, committed 13056K, reserved 1048576K
}
Event: 31.023 GC heap after
{Heap after GC invocations=40 (full 0):
 garbage-first heap   total 225280K, used 100729K [0x0000000080000000, 0x0000000100000000)
  region size 1024K, 1 young (1024K), 1 survivors (1024K)
 Metaspace       used 94486K, capacity 96876K, committed 96976K, reserved 1132544K
  class space    used 12070K, capacity 13005K, committed 13056K, reserved 1048576K
}
Event: 31.491 GC heap before
{Heap before GC invocations=40 (full 0):
 garbage-first heap   total 225280K, used 200057K [0x0000000080000000, 0x0000000100000000)
  region size 1024K, 60 young (61440K), 1 survivors (1024K)
 Metaspace       used 94549K, capacity 96975K, committed 97232K, reserved 1134592K
  class space    used 12071K, capacity 13037K, committed 13056K, reserved 1048576K
}
Event: 31.511 GC heap after
{Heap after GC invocations=41 (full 0):
 garbage-first heap   total 349184K, used 149799K [0x0000000080000000, 0x0000000100000000)
  region size 1024K, 8 young (8192K), 8 survivors (8192K)
 Metaspace       used 94549K, capacity 96975K, committed 97232K, reserved 1134592K
  class space    used 12071K, capacity 13037K, committed 13056K, reserved 1048576K
}
Event: 32.957 GC heap before
{Heap before GC invocations=41 (full 0):
 garbage-first heap   total 349184K, used 240935K [0x0000000080000000, 0x0000000100000000)
  region size 1024K, 92 young (94208K), 8 survivors (8192K)
 Metaspace       used 94637K, capacity 97108K, committed 97232K, reserved 1134592K
  class space    used 12072K, capacity 13037K, committed 13056K, reserved 1048576K
}
Event: 33.047 GC heap after
{Heap after GC invocations=42 (full 0):
 garbage-first heap   total 349184K, used 194155K [0x0000000080000000, 0x0000000100000000)
  region size 1024K, 12 young (12288K), 12 survivors (12288K)
 Metaspace       used 94637K, capacity 97108K, committed 97232K, reserved 1134592K
  class space    used 12072K, capacity 13037K, committed 13056K, reserved 1048576K
}
Event: 33.609 GC heap before
{Heap before GC invocations=42 (full 0):
 garbage-first heap   total 349184K, used 255595K [0x0000000080000000, 0x0000000100000000)
  region size 1024K, 72 young (73728K), 12 survivors (12288K)
 Metaspace       used 94651K, capacity 97108K, committed 97232K, reserved 1134592K
  class space    used 12072K, capacity 13037K, committed 13056K, reserved 1048576K
}
Event: 33.719 GC heap after
{Heap after GC invocations=43 (full 0):
 garbage-first heap   total 349184K, used 228096K [0x0000000080000000, 0x0000000100000000)
  region size 1024K, 9 young (9216K), 9 survivors (9216K)
 Metaspace       used 94651K, capacity 97108K, committed 97232K, reserved 1134592K
  class space    used 12072K, capacity 13037K, committed 13056K, reserved 1048576K
}
Event: 33.876 GC heap before
{Heap before GC invocations=43 (full 0):
 garbage-first heap   total 349184K, used 269056K [0x0000000080000000, 0x0000000100000000)
  region size 1024K, 49 young (50176K), 9 survivors (9216K)
 Metaspace       used 94653K, capacity 97108K, committed 97232K, reserved 1134592K
  class space    used 12072K, capacity 13037K, committed 13056K, reserved 1048576K
}
Event: 33.959 GC heap after
{Heap after GC invocations=44 (full 0):
 garbage-first heap   total 349184K, used 250880K [0x0000000080000000, 0x0000000100000000)
  region size 1024K, 7 young (7168K), 7 survivors (7168K)
 Metaspace       used 94653K, capacity 97108K, committed 97232K, reserved 1134592K
  class space    used 12072K, capacity 13037K, committed 13056K, reserved 1048576K
}
Event: 34.106 GC heap before
{Heap before GC invocations=44 (full 0):
 garbage-first heap   total 349184K, used 278528K [0x0000000080000000, 0x0000000100000000)
  region size 1024K, 35 young (35840K), 7 survivors (7168K)
 Metaspace       used 94654K, capacity 97108K, committed 97232K, reserved 1134592K
  class space    used 12072K, capacity 13037K, committed 13056K, reserved 1048576K
}

