# JRE version: OpenJDK Runtime Environment (11.0.12+7) (build 11.0.12+7-b1504.28-7817840)
# Java VM: OpenJDK 64-Bit Server VM (11.0.12+7-b1504.28-7817840, mixed mode, tiered, compressed oops, g1 gc, windows-amd64)
Heap:
 garbage-first heap   total 155648K, used 87516K [0x0000000080000000, 0x0000000100000000)
  region size 1024K, 4 young (4096K), 1 survivors (1024K)
 Metaspace       used 88894K, capacity 91108K, committed 91472K, reserved 1128448K
  class space    used 11497K, capacity 12306K, committed 12416K, reserved 1048576K
GC Heap History (20 events):
Event: 16.012 GC heap before
{Heap before GC invocations=12 (full 0):
 garbage-first heap   total 155648K, used 110578K [0x0000000080000000, 0x0000000100000000)
  region size 1024K, 67 young (68608K), 2 survivors (2048K)
 Metaspace       used 64891K, capacity 66381K, committed 66512K, reserved 1107968K
  class space    used 8354K, capacity 8917K, committed 8960K, reserved 1048576K
}
Event: 16.024 GC heap after
{Heap after GC invocations=13 (full 0):
 garbage-first heap   total 155648K, used 49519K [0x0000000080000000, 0x0000000100000000)
  region size 1024K, 8 young (8192K), 8 survivors (8192K)
 Metaspace       used 64891K, capacity 66381K, committed 66512K, reserved 1107968K
  class space    used 8354K, capacity 8917K, committed 8960K, reserved 1048576K
}
Event: 18.011 GC heap before
{Heap before GC invocations=13 (full 0):
 garbage-first heap   total 155648K, used 115055K [0x0000000080000000, 0x0000000100000000)
  region size 1024K, 72 young (73728K), 8 survivors (8192K)
 Metaspace       used 70762K, capacity 72402K, committed 72528K, reserved 1112064K
  class space    used 9219K, capacity 9827K, committed 9856K, reserved 1048576K
}
Event: 18.027 GC heap after
{Heap after GC invocations=14 (full 0):
 garbage-first heap   total 155648K, used 53422K [0x0000000080000000, 0x0000000100000000)
  region size 1024K, 4 young (4096K), 4 survivors (4096K)
 Metaspace       used 70762K, capacity 72402K, committed 72528K, reserved 1112064K
  class space    used 9219K, capacity 9827K, committed 9856K, reserved 1048576K
}
Event: 20.217 GC heap before
{Heap before GC invocations=14 (full 0):
 garbage-first heap   total 155648K, used 116910K [0x0000000080000000, 0x0000000100000000)
  region size 1024K, 67 young (68608K), 4 survivors (4096K)
 Metaspace       used 73470K, capacity 75318K, committed 75600K, reserved 1114112K
  class space    used 9561K, capacity 10241K, committed 10368K, reserved 1048576K
}
Event: 20.232 GC heap after
{Heap after GC invocations=15 (full 0):
 garbage-first heap   total 155648K, used 58180K [0x0000000080000000, 0x0000000100000000)
  region size 1024K, 9 young (9216K), 9 survivors (9216K)
 Metaspace       used 73470K, capacity 75318K, committed 75600K, reserved 1114112K
  class space    used 9561K, capacity 10241K, committed 10368K, reserved 1048576K
}
Event: 21.667 GC heap before
{Heap before GC invocations=15 (full 0):
 garbage-first heap   total 155648K, used 120644K [0x0000000080000000, 0x0000000100000000)
  region size 1024K, 70 young (71680K), 9 survivors (9216K)
 Metaspace       used 74680K, capacity 76505K, committed 76624K, reserved 1116160K
  class space    used 9665K, capacity 10301K, committed 10368K, reserved 1048576K
}
Event: 21.684 GC heap after
{Heap after GC invocations=16 (full 0):
 garbage-first heap   total 155648K, used 61882K [0x0000000080000000, 0x0000000100000000)
  region size 1024K, 9 young (9216K), 9 survivors (9216K)
 Metaspace       used 74680K, capacity 76505K, committed 76624K, reserved 1116160K
  class space    used 9665K, capacity 10301K, committed 10368K, reserved 1048576K
}
Event: 23.283 GC heap before
{Heap before GC invocations=16 (full 0):
 garbage-first heap   total 155648K, used 121274K [0x0000000080000000, 0x0000000100000000)
  region size 1024K, 68 young (69632K), 9 survivors (9216K)
 Metaspace       used 78813K, capacity 80729K, committed 80848K, reserved 1120256K
  class space    used 10168K, capacity 10901K, committed 11008K, reserved 1048576K
}
Event: 23.303 GC heap after
{Heap after GC invocations=17 (full 0):
 garbage-first heap   total 155648K, used 64518K [0x0000000080000000, 0x0000000100000000)
  region size 1024K, 7 young (7168K), 7 survivors (7168K)
 Metaspace       used 78813K, capacity 80729K, committed 80848K, reserved 1120256K
  class space    used 10168K, capacity 10901K, committed 11008K, reserved 1048576K
}
Event: 24.647 GC heap before
{Heap before GC invocations=17 (full 0):
 garbage-first heap   total 155648K, used 123910K [0x0000000080000000, 0x0000000100000000)
  region size 1024K, 66 young (67584K), 7 survivors (7168K)
 Metaspace       used 78990K, capacity 80916K, committed 81104K, reserved 1120256K
  class space    used 10188K, capacity 10939K, committed 11008K, reserved 1048576K
}
Event: 24.661 GC heap after
{Heap after GC invocations=18 (full 0):
 garbage-first heap   total 155648K, used 67737K [0x0000000080000000, 0x0000000100000000)
  region size 1024K, 6 young (6144K), 6 survivors (6144K)
 Metaspace       used 78990K, capacity 80916K, committed 81104K, reserved 1120256K
  class space    used 10188K, capacity 10939K, committed 11008K, reserved 1048576K
}
Event: 25.798 GC heap before
{Heap before GC invocations=18 (full 0):
 garbage-first heap   total 155648K, used 128153K [0x0000000080000000, 0x0000000100000000)
  region size 1024K, 64 young (65536K), 6 survivors (6144K)
 Metaspace       used 80217K, capacity 82216K, committed 82256K, reserved 1120256K
  class space    used 10365K, capacity 11100K, committed 11136K, reserved 1048576K
}
Event: 25.814 GC heap after
{Heap after GC invocations=19 (full 0):
 garbage-first heap   total 155648K, used 76456K [0x0000000080000000, 0x0000000100000000)
  region size 1024K, 8 young (8192K), 8 survivors (8192K)
 Metaspace       used 80217K, capacity 82216K, committed 82256K, reserved 1120256K
  class space    used 10365K, capacity 11100K, committed 11136K, reserved 1048576K
}
Event: 26.469 GC heap before
{Heap before GC invocations=19 (full 0):
 garbage-first heap   total 155648K, used 124584K [0x0000000080000000, 0x0000000100000000)
  region size 1024K, 56 young (57344K), 8 survivors (8192K)
 Metaspace       used 82293K, capacity 84234K, committed 84304K, reserved 1122304K
  class space    used 10645K, capacity 11370K, committed 11392K, reserved 1048576K
}
Event: 26.482 GC heap after
{Heap after GC invocations=20 (full 0):
 garbage-first heap   total 155648K, used 80896K [0x0000000080000000, 0x0000000100000000)
  region size 1024K, 4 young (4096K), 4 survivors (4096K)
 Metaspace       used 82293K, capacity 84234K, committed 84304K, reserved 1122304K
  class space    used 10645K, capacity 11370K, committed 11392K, reserved 1048576K
}
Event: 27.994 GC heap before
{Heap before GC invocations=20 (full 0):
 garbage-first heap   total 155648K, used 126976K [0x0000000080000000, 0x0000000100000000)
  region size 1024K, 50 young (51200K), 4 survivors (4096K)
 Metaspace       used 88243K, capacity 90455K, committed 90704K, reserved 1128448K
  class space    used 11485K, capacity 12329K, committed 12416K, reserved 1048576K
}
Event: 28.032 GC heap after
{Heap after GC invocations=21 (full 0):
 garbage-first heap   total 155648K, used 84713K [0x0000000080000000, 0x0000000100000000)
  region size 1024K, 7 young (7168K), 7 survivors (7168K)
 Metaspace       used 88243K, capacity 90455K, committed 90704K, reserved 1128448K
  class space    used 11485K, capacity 12329K, committed 12416K, reserved 1048576K
}
Event: 29.140 GC heap before
{Heap before GC invocations=22 (full 0):
 garbage-first heap   total 155648K, used 126697K [0x0000000080000000, 0x0000000100000000)
  region size 1024K, 49 young (50176K), 7 survivors (7168K)
 Metaspace       used 88853K, capacity 91043K, committed 91216K, reserved 1128448K
  class space    used 11497K, capacity 12306K, committed 12416K, reserved 1048576K
}
Event: 29.153 GC heap after
{Heap after GC invocations=23 (full 0):
 garbage-first heap   total 155648K, used 85468K [0x0000000080000000, 0x0000000100000000)
  region size 1024K, 1 young (1024K), 1 survivors (1024K)
 Metaspace       used 88853K, capacity 91043K, committed 91216K, reserved 1128448K
  class space    used 11497K, capacity 12306K, committed 12416K, reserved 1048576K
}

