# JRE version: OpenJDK Runtime Environment (11.0.12+7) (build 11.0.12+7-b1504.28-7817840)
# Java VM: OpenJDK 64-Bit Server VM (11.0.12+7-b1504.28-7817840, mixed mode, tiered, compressed oops, g1 gc, windows-amd64)
Heap:
 garbage-first heap   total 619520K, used 276480K [0x0000000080000000, 0x0000000100000000)
  region size 1024K, 4 young (4096K), 4 survivors (4096K)
 Metaspace       used 94274K, capacity 96736K, committed 97052K, reserved 1132544K
  class space    used 12052K, capacity 12997K, committed 13088K, reserved 1048576K
GC Heap History (20 events):
Event: 27.552 GC heap after
{Heap after GC invocations=29 (full 0):
 garbage-first heap   total 245760K, used 150967K [0x0000000080000000, 0x0000000100000000)
  region size 1024K, 10 young (10240K), 10 survivors (10240K)
 Metaspace       used 92958K, capacity 95391K, committed 95516K, reserved 1132544K
  class space    used 11894K, capacity 12806K, committed 12832K, reserved 1048576K
}
Event: 27.639 GC heap before
{Heap before GC invocations=29 (full 0):
 garbage-first heap   total 245760K, used 162231K [0x0000000080000000, 0x0000000100000000)
  region size 1024K, 22 young (22528K), 10 survivors (10240K)
 Metaspace       used 93005K, capacity 95459K, committed 95516K, reserved 1132544K
  class space    used 11895K, capacity 12806K, committed 12832K, reserved 1048576K
}
Event: 27.665 GC heap after
{Heap after GC invocations=30 (full 0):
 garbage-first heap   total 245760K, used 155977K [0x0000000080000000, 0x0000000100000000)
  region size 1024K, 5 young (5120K), 5 survivors (5120K)
 Metaspace       used 93005K, capacity 95459K, committed 95516K, reserved 1132544K
  class space    used 11895K, capacity 12806K, committed 12832K, reserved 1048576K
}
Event: 28.118 GC heap before
{Heap before GC invocations=30 (full 0):
 garbage-first heap   total 245760K, used 186697K [0x0000000080000000, 0x0000000100000000)
  region size 1024K, 34 young (34816K), 5 survivors (5120K)
 Metaspace       used 93089K, capacity 95504K, committed 95644K, reserved 1132544K
  class space    used 11911K, capacity 12840K, committed 12960K, reserved 1048576K
}
Event: 28.158 GC heap after
{Heap after GC invocations=31 (full 0):
 garbage-first heap   total 294912K, used 168960K [0x0000000080000000, 0x0000000100000000)
  region size 1024K, 5 young (5120K), 5 survivors (5120K)
 Metaspace       used 93089K, capacity 95504K, committed 95644K, reserved 1132544K
  class space    used 11911K, capacity 12840K, committed 12960K, reserved 1048576K
}
Event: 28.489 GC heap before
{Heap before GC invocations=32 (full 0):
 garbage-first heap   total 294912K, used 208896K [0x0000000080000000, 0x0000000100000000)
  region size 1024K, 46 young (47104K), 5 survivors (5120K)
 Metaspace       used 93231K, capacity 95643K, committed 95900K, reserved 1132544K
  class space    used 11921K, capacity 12840K, committed 12960K, reserved 1048576K
}
Event: 28.542 GC heap after
{Heap after GC invocations=33 (full 0):
 garbage-first heap   total 294912K, used 182740K [0x0000000080000000, 0x0000000100000000)
  region size 1024K, 6 young (6144K), 6 survivors (6144K)
 Metaspace       used 93231K, capacity 95643K, committed 95900K, reserved 1132544K
  class space    used 11921K, capacity 12840K, committed 12960K, reserved 1048576K
}
Event: 29.297 GC heap before
{Heap before GC invocations=34 (full 0):
 garbage-first heap   total 294912K, used 224724K [0x0000000080000000, 0x0000000100000000)
  region size 1024K, 44 young (45056K), 6 survivors (6144K)
 Metaspace       used 93956K, capacity 96351K, committed 96540K, reserved 1132544K
  class space    used 12047K, capacity 12965K, committed 13088K, reserved 1048576K
}
Event: 29.338 GC heap after
{Heap after GC invocations=35 (full 0):
 garbage-first heap   total 294912K, used 194560K [0x0000000080000000, 0x0000000100000000)
  region size 1024K, 6 young (6144K), 6 survivors (6144K)
 Metaspace       used 93956K, capacity 96351K, committed 96540K, reserved 1132544K
  class space    used 12047K, capacity 12965K, committed 13088K, reserved 1048576K
}
Event: 29.432 GC heap before
{Heap before GC invocations=35 (full 0):
 garbage-first heap   total 294912K, used 202752K [0x0000000080000000, 0x0000000100000000)
  region size 1024K, 14 young (14336K), 6 survivors (6144K)
 Metaspace       used 94005K, capacity 96422K, committed 96796K, reserved 1132544K
  class space    used 12047K, capacity 12966K, committed 13088K, reserved 1048576K
}
Event: 29.462 GC heap after
{Heap after GC invocations=36 (full 0):
 garbage-first heap   total 294912K, used 193942K [0x0000000080000000, 0x0000000100000000)
  region size 1024K, 2 young (2048K), 2 survivors (2048K)
 Metaspace       used 94005K, capacity 96422K, committed 96796K, reserved 1132544K
  class space    used 12047K, capacity 12966K, committed 13088K, reserved 1048576K
}
Event: 29.656 GC heap before
{Heap before GC invocations=36 (full 0):
 garbage-first heap   total 294912K, used 218518K [0x0000000080000000, 0x0000000100000000)
  region size 1024K, 27 young (27648K), 2 survivors (2048K)
 Metaspace       used 94119K, capacity 96566K, committed 96796K, reserved 1132544K
  class space    used 12050K, capacity 12967K, committed 13088K, reserved 1048576K
}
Event: 29.679 GC heap after
{Heap after GC invocations=37 (full 0):
 garbage-first heap   total 356352K, used 203618K [0x0000000080000000, 0x0000000100000000)
  region size 1024K, 5 young (5120K), 5 survivors (5120K)
 Metaspace       used 94119K, capacity 96566K, committed 96796K, reserved 1132544K
  class space    used 12050K, capacity 12967K, committed 13088K, reserved 1048576K
}
Event: 31.640 GC heap before
{Heap before GC invocations=38 (full 0):
 garbage-first heap   total 356352K, used 251746K [0x0000000080000000, 0x0000000100000000)
  region size 1024K, 53 young (54272K), 5 survivors (5120K)
 Metaspace       used 94167K, capacity 96638K, committed 96796K, reserved 1132544K
  class space    used 12048K, capacity 12965K, committed 13088K, reserved 1048576K
}
Event: 31.789 GC heap after
{Heap after GC invocations=39 (full 0):
 garbage-first heap   total 356352K, used 225926K [0x0000000080000000, 0x0000000100000000)
  region size 1024K, 7 young (7168K), 7 survivors (7168K)
 Metaspace       used 94167K, capacity 96638K, committed 96796K, reserved 1132544K
  class space    used 12048K, capacity 12965K, committed 13088K, reserved 1048576K
}
Event: 32.726 GC heap before
{Heap before GC invocations=39 (full 0):
 garbage-first heap   total 356352K, used 266886K [0x0000000080000000, 0x0000000100000000)
  region size 1024K, 48 young (49152K), 7 survivors (7168K)
 Metaspace       used 94229K, capacity 96672K, committed 96796K, reserved 1132544K
  class space    used 12050K, capacity 12997K, committed 13088K, reserved 1048576K
}
Event: 32.785 GC heap after
{Heap after GC invocations=40 (full 0):
 garbage-first heap   total 356352K, used 246272K [0x0000000080000000, 0x0000000100000000)
  region size 1024K, 6 young (6144K), 6 survivors (6144K)
 Metaspace       used 94229K, capacity 96672K, committed 96796K, reserved 1132544K
  class space    used 12050K, capacity 12997K, committed 13088K, reserved 1048576K
}
Event: 33.158 GC heap before
{Heap before GC invocations=40 (full 0):
 garbage-first heap   total 356352K, used 280064K [0x0000000080000000, 0x0000000100000000)
  region size 1024K, 40 young (40960K), 6 survivors (6144K)
 Metaspace       used 94244K, capacity 96672K, committed 96796K, reserved 1132544K
  class space    used 12052K, capacity 12997K, committed 13088K, reserved 1048576K
}
Event: 33.191 GC heap after
{Heap after GC invocations=41 (full 0):
 garbage-first heap   total 356352K, used 262656K [0x0000000080000000, 0x0000000100000000)
  region size 1024K, 5 young (5120K), 5 survivors (5120K)
 Metaspace       used 94244K, capacity 96672K, committed 96796K, reserved 1132544K
  class space    used 12052K, capacity 12997K, committed 13088K, reserved 1048576K
}
Event: 33.492 GC heap before
{Heap before GC invocations=41 (full 0):
 garbage-first heap   total 356352K, used 290304K [0x0000000080000000, 0x0000000100000000)
  region size 1024K, 32 young (32768K), 5 survivors (5120K)
 Metaspace       used 94274K, capacity 96736K, committed 97052K, reserved 1132544K
  class space    used 12052K, capacity 12997K, committed 13088K, reserved 1048576K
}

