# JRE version: OpenJDK Runtime Environment (11.0.12+7) (build 11.0.12+7-b1504.28-7817840)
# Java VM: OpenJDK 64-Bit Server VM (11.0.12+7-b1504.28-7817840, mixed mode, tiered, compressed oops, g1 gc, windows-amd64)
Heap:
 garbage-first heap   total 397312K, used 390910K [0x0000000080000000, 0x0000000100000000)
  region size 1024K, 40 young (40960K), 2 survivors (2048K)
 Metaspace       used 103731K, capacity 106409K, committed 106604K, reserved 1142784K
  class space    used 13292K, capacity 14286K, committed 14360K, reserved 1048576K
GC Heap History (20 events):
Event: 42.601 GC heap before
{Heap before GC invocations=41 (full 0):
 garbage-first heap   total 187392K, used 135168K [0x0000000080000000, 0x0000000100000000)
  region size 1024K, 53 young (54272K), 2 survivors (2048K)
 Metaspace       used 85683K, capacity 87795K, committed 88044K, reserved 1126400K
  class space    used 11041K, capacity 11801K, committed 11928K, reserved 1048576K
}
Event: 42.617 GC heap after
{Heap after GC invocations=42 (full 0):
 garbage-first heap   total 187392K, used 92056K [0x0000000080000000, 0x0000000100000000)
  region size 1024K, 7 young (7168K), 7 survivors (7168K)
 Metaspace       used 85683K, capacity 87795K, committed 88044K, reserved 1126400K
  class space    used 11041K, capacity 11801K, committed 11928K, reserved 1048576K
}
Event: 43.091 GC heap before
{Heap before GC invocations=42 (full 0):
 garbage-first heap   total 187392K, used 103320K [0x0000000080000000, 0x0000000100000000)
  region size 1024K, 20 young (20480K), 7 survivors (7168K)
 Metaspace       used 88460K, capacity 90600K, committed 90860K, reserved 1128448K
  class space    used 11344K, capacity 12099K, committed 12184K, reserved 1048576K
}
Event: 43.125 GC heap after
{Heap after GC invocations=43 (full 0):
 garbage-first heap   total 187392K, used 94102K [0x0000000080000000, 0x0000000100000000)
  region size 1024K, 2 young (2048K), 2 survivors (2048K)
 Metaspace       used 88460K, capacity 90600K, committed 90860K, reserved 1128448K
  class space    used 11344K, capacity 12099K, committed 12184K, reserved 1048576K
}
Event: 45.288 GC heap before
{Heap before GC invocations=44 (full 0):
 garbage-first heap   total 187392K, used 130966K [0x0000000080000000, 0x0000000100000000)
  region size 1024K, 38 young (38912K), 2 survivors (2048K)
 Metaspace       used 89190K, capacity 91428K, committed 91628K, reserved 1128448K
  class space    used 11399K, capacity 12159K, committed 12184K, reserved 1048576K
}
Event: 45.302 GC heap after
{Heap after GC invocations=45 (full 0):
 garbage-first heap   total 187392K, used 105229K [0x0000000080000000, 0x0000000100000000)
  region size 1024K, 5 young (5120K), 5 survivors (5120K)
 Metaspace       used 89190K, capacity 91428K, committed 91628K, reserved 1128448K
  class space    used 11399K, capacity 12159K, committed 12184K, reserved 1048576K
}
Event: 45.392 GC heap before
{Heap before GC invocations=45 (full 0):
 garbage-first heap   total 187392K, used 109325K [0x0000000080000000, 0x0000000100000000)
  region size 1024K, 9 young (9216K), 5 survivors (5120K)
 Metaspace       used 89262K, capacity 91492K, committed 91628K, reserved 1128448K
  class space    used 11400K, capacity 12159K, committed 12184K, reserved 1048576K
}
Event: 45.404 GC heap after
{Heap after GC invocations=46 (full 0):
 garbage-first heap   total 187392K, used 104204K [0x0000000080000000, 0x0000000100000000)
  region size 1024K, 2 young (2048K), 2 survivors (2048K)
 Metaspace       used 89262K, capacity 91492K, committed 91628K, reserved 1128448K
  class space    used 11400K, capacity 12159K, committed 12184K, reserved 1048576K
}
Event: 46.229 GC heap before
{Heap before GC invocations=46 (full 0):
 garbage-first heap   total 187392K, used 136972K [0x0000000080000000, 0x0000000100000000)
  region size 1024K, 34 young (34816K), 2 survivors (2048K)
 Metaspace       used 91379K, capacity 93576K, committed 93804K, reserved 1130496K
  class space    used 11611K, capacity 12438K, committed 12568K, reserved 1048576K
}
Event: 46.241 GC heap after
{Heap after GC invocations=47 (full 0):
 garbage-first heap   total 187392K, used 107792K [0x0000000080000000, 0x0000000100000000)
  region size 1024K, 5 young (5120K), 5 survivors (5120K)
 Metaspace       used 91379K, capacity 93576K, committed 93804K, reserved 1130496K
  class space    used 11611K, capacity 12438K, committed 12568K, reserved 1048576K
}
Event: 47.407 GC heap before
{Heap before GC invocations=48 (full 0):
 garbage-first heap   total 187392K, used 140560K [0x0000000080000000, 0x0000000100000000)
  region size 1024K, 38 young (38912K), 5 survivors (5120K)
 Metaspace       used 92442K, capacity 94728K, committed 94828K, reserved 1132544K
  class space    used 11689K, capacity 12497K, committed 12568K, reserved 1048576K
}
Event: 47.424 GC heap after
{Heap after GC invocations=49 (full 0):
 garbage-first heap   total 187392K, used 109292K [0x0000000080000000, 0x0000000100000000)
  region size 1024K, 2 young (2048K), 2 survivors (2048K)
 Metaspace       used 92442K, capacity 94728K, committed 94828K, reserved 1132544K
  class space    used 11689K, capacity 12497K, committed 12568K, reserved 1048576K
}
Event: 47.455 GC heap before
{Heap before GC invocations=49 (full 0):
 garbage-first heap   total 187392K, used 115436K [0x0000000080000000, 0x0000000100000000)
  region size 1024K, 9 young (9216K), 2 survivors (2048K)
 Metaspace       used 92470K, capacity 94728K, committed 94828K, reserved 1132544K
  class space    used 11689K, capacity 12497K, committed 12568K, reserved 1048576K
}
Event: 47.465 GC heap after
{Heap after GC invocations=50 (full 0):
 garbage-first heap   total 187392K, used 107292K [0x0000000080000000, 0x0000000100000000)
  region size 1024K, 1 young (1024K), 1 survivors (1024K)
 Metaspace       used 92470K, capacity 94728K, committed 94828K, reserved 1132544K
  class space    used 11689K, capacity 12497K, committed 12568K, reserved 1048576K
}
Event: 48.347 GC heap before
{Heap before GC invocations=50 (full 0):
 garbage-first heap   total 187392K, used 141084K [0x0000000080000000, 0x0000000100000000)
  region size 1024K, 35 young (35840K), 1 survivors (1024K)
 Metaspace       used 98252K, capacity 100691K, committed 100972K, reserved 1136640K
  class space    used 12588K, capacity 13468K, committed 13592K, reserved 1048576K
}
Event: 48.356 GC heap after
{Heap after GC invocations=51 (full 0):
 garbage-first heap   total 187392K, used 109113K [0x0000000080000000, 0x0000000100000000)
  region size 1024K, 3 young (3072K), 3 survivors (3072K)
 Metaspace       used 98252K, capacity 100691K, committed 100972K, reserved 1136640K
  class space    used 12588K, capacity 13468K, committed 13592K, reserved 1048576K
}
Event: 49.458 GC heap before
{Heap before GC invocations=52 (full 0):
 garbage-first heap   total 187392K, used 142905K [0x0000000080000000, 0x0000000100000000)
  region size 1024K, 38 young (38912K), 3 survivors (3072K)
 Metaspace       used 101501K, capacity 104152K, committed 104300K, reserved 1140736K
  class space    used 13020K, capacity 13989K, committed 14104K, reserved 1048576K
}
Event: 49.468 GC heap after
{Heap after GC invocations=53 (full 0):
 garbage-first heap   total 187392K, used 111877K [0x0000000080000000, 0x0000000100000000)
  region size 1024K, 5 young (5120K), 5 survivors (5120K)
 Metaspace       used 101501K, capacity 104152K, committed 104300K, reserved 1140736K
  class space    used 13020K, capacity 13989K, committed 14104K, reserved 1048576K
}
Event: 49.493 GC heap before
{Heap before GC invocations=53 (full 0):
 garbage-first heap   total 187392K, used 114949K [0x0000000080000000, 0x0000000100000000)
  region size 1024K, 9 young (9216K), 5 survivors (5120K)
 Metaspace       used 101521K, capacity 104152K, committed 104300K, reserved 1140736K
  class space    used 13020K, capacity 13989K, committed 14104K, reserved 1048576K
}
Event: 49.505 GC heap after
{Heap after GC invocations=54 (full 0):
 garbage-first heap   total 225280K, used 95998K [0x0000000080000000, 0x0000000100000000)
  region size 1024K, 2 young (2048K), 2 survivors (2048K)
 Metaspace       used 101521K, capacity 104152K, committed 104300K, reserved 1140736K
  class space    used 13020K, capacity 13989K, committed 14104K, reserved 1048576K
}

