# JRE version: OpenJDK Runtime Environment (11.0.12+7) (build 11.0.12+7-b1504.28-7817840)
# Java VM: OpenJDK 64-Bit Server VM (11.0.12+7-b1504.28-7817840, mixed mode, tiered, compressed oops, g1 gc, windows-amd64)
Heap:
 garbage-first heap   total 813056K, used 243200K [0x0000000080000000, 0x0000000100000000)
  region size 1024K, 3 young (3072K), 3 survivors (3072K)
 Metaspace       used 95297K, capacity 97859K, committed 98128K, reserved 1134592K
  class space    used 12139K, capacity 13077K, committed 13184K, reserved 1048576K
GC Heap History (20 events):
Event: 31.616 GC heap after
{Heap after GC invocations=31 (full 0):
 garbage-first heap   total 225280K, used 94616K [0x0000000080000000, 0x0000000100000000)
  region size 1024K, 1 young (1024K), 1 survivors (1024K)
 Metaspace       used 94557K, capacity 97048K, committed 97232K, reserved 1134592K
  class space    used 12053K, capacity 12962K, committed 13056K, reserved 1048576K
}
Event: 31.897 GC heap before
{Heap before GC invocations=31 (full 0):
 garbage-first heap   total 225280K, used 115096K [0x0000000080000000, 0x0000000100000000)
  region size 1024K, 17 young (17408K), 1 survivors (1024K)
 Metaspace       used 94642K, capacity 97118K, committed 97232K, reserved 1134592K
  class space    used 12068K, capacity 12964K, committed 13056K, reserved 1048576K
}
Event: 31.905 GC heap after
{Heap after GC invocations=32 (full 0):
 garbage-first heap   total 270336K, used 108816K [0x0000000080000000, 0x0000000100000000)
  region size 1024K, 9 young (9216K), 9 survivors (9216K)
 Metaspace       used 94642K, capacity 97118K, committed 97232K, reserved 1134592K
  class space    used 12068K, capacity 12964K, committed 13056K, reserved 1048576K
}
Event: 32.560 GC heap before
{Heap before GC invocations=33 (full 0):
 garbage-first heap   total 270336K, used 223504K [0x0000000080000000, 0x0000000100000000)
  region size 1024K, 97 young (99328K), 9 survivors (9216K)
 Metaspace       used 94708K, capacity 97222K, committed 97488K, reserved 1134592K
  class space    used 12081K, capacity 12998K, committed 13056K, reserved 1048576K
}
Event: 32.617 GC heap after
{Heap after GC invocations=34 (full 0):
 garbage-first heap   total 271360K, used 159583K [0x0000000080000000, 0x0000000100000000)
  region size 1024K, 13 young (13312K), 13 survivors (13312K)
 Metaspace       used 94708K, capacity 97222K, committed 97488K, reserved 1134592K
  class space    used 12081K, capacity 12998K, committed 13056K, reserved 1048576K
}
Event: 32.627 GC heap before
{Heap before GC invocations=34 (full 0):
 garbage-first heap   total 271360K, used 162655K [0x0000000080000000, 0x0000000100000000)
  region size 1024K, 14 young (14336K), 13 survivors (13312K)
 Metaspace       used 94708K, capacity 97222K, committed 97488K, reserved 1134592K
  class space    used 12081K, capacity 12998K, committed 13056K, reserved 1048576K
}
Event: 32.666 GC heap after
{Heap after GC invocations=35 (full 0):
 garbage-first heap   total 271360K, used 161044K [0x0000000080000000, 0x0000000100000000)
  region size 1024K, 2 young (2048K), 2 survivors (2048K)
 Metaspace       used 94708K, capacity 97222K, committed 97488K, reserved 1134592K
  class space    used 12081K, capacity 12998K, committed 13056K, reserved 1048576K
}
Event: 32.683 GC heap before
{Heap before GC invocations=35 (full 0):
 garbage-first heap   total 271360K, used 163092K [0x0000000080000000, 0x0000000100000000)
  region size 1024K, 5 young (5120K), 2 survivors (2048K)
 Metaspace       used 94708K, capacity 97222K, committed 97488K, reserved 1134592K
  class space    used 12081K, capacity 12998K, committed 13056K, reserved 1048576K
}
Event: 32.699 GC heap after
{Heap after GC invocations=36 (full 0):
 garbage-first heap   total 271360K, used 161626K [0x0000000080000000, 0x0000000100000000)
  region size 1024K, 2 young (2048K), 2 survivors (2048K)
 Metaspace       used 94708K, capacity 97222K, committed 97488K, reserved 1134592K
  class space    used 12081K, capacity 12998K, committed 13056K, reserved 1048576K
}
Event: 33.354 GC heap before
{Heap before GC invocations=36 (full 0):
 garbage-first heap   total 271360K, used 213850K [0x0000000080000000, 0x0000000100000000)
  region size 1024K, 52 young (53248K), 2 survivors (2048K)
 Metaspace       used 95204K, capacity 97750K, committed 97872K, reserved 1134592K
  class space    used 12143K, capacity 13087K, committed 13184K, reserved 1048576K
}
Event: 33.408 GC heap after
{Heap after GC invocations=37 (full 0):
 garbage-first heap   total 271360K, used 189975K [0x0000000080000000, 0x0000000100000000)
  region size 1024K, 7 young (7168K), 7 survivors (7168K)
 Metaspace       used 95204K, capacity 97750K, committed 97872K, reserved 1134592K
  class space    used 12143K, capacity 13087K, committed 13184K, reserved 1048576K
}
Event: 33.539 GC heap before
{Heap before GC invocations=38 (full 0):
 garbage-first heap   total 271360K, used 216599K [0x0000000080000000, 0x0000000100000000)
  region size 1024K, 34 young (34816K), 7 survivors (7168K)
 Metaspace       used 95206K, capacity 97750K, committed 97872K, reserved 1134592K
  class space    used 12143K, capacity 13087K, committed 13184K, reserved 1048576K
}
Event: 33.604 GC heap after
{Heap after GC invocations=39 (full 0):
 garbage-first heap   total 440320K, used 205824K [0x0000000080000000, 0x0000000100000000)
  region size 1024K, 5 young (5120K), 5 survivors (5120K)
 Metaspace       used 95206K, capacity 97750K, committed 97872K, reserved 1134592K
  class space    used 12143K, capacity 13087K, committed 13184K, reserved 1048576K
}
Event: 33.692 GC heap before
{Heap before GC invocations=39 (full 0):
 garbage-first heap   total 440320K, used 222208K [0x0000000080000000, 0x0000000100000000)
  region size 1024K, 21 young (21504K), 5 survivors (5120K)
 Metaspace       used 95221K, capacity 97750K, committed 97872K, reserved 1134592K
  class space    used 12143K, capacity 13087K, committed 13184K, reserved 1048576K
}
Event: 33.729 GC heap after
{Heap after GC invocations=40 (full 0):
 garbage-first heap   total 440320K, used 216064K [0x0000000080000000, 0x0000000100000000)
  region size 1024K, 3 young (3072K), 3 survivors (3072K)
 Metaspace       used 95221K, capacity 97750K, committed 97872K, reserved 1134592K
  class space    used 12143K, capacity 13087K, committed 13184K, reserved 1048576K
}
Event: 34.761 GC heap before
{Heap before GC invocations=40 (full 0):
 garbage-first heap   total 440320K, used 293888K [0x0000000080000000, 0x0000000100000000)
  region size 1024K, 79 young (80896K), 3 survivors (3072K)
 Metaspace       used 95278K, capacity 97817K, committed 98128K, reserved 1134592K
  class space    used 12144K, capacity 13087K, committed 13184K, reserved 1048576K
}
Event: 34.914 GC heap after
{Heap after GC invocations=41 (full 0):
 garbage-first heap   total 440320K, used 254519K [0x0000000080000000, 0x0000000100000000)
  region size 1024K, 10 young (10240K), 10 survivors (10240K)
 Metaspace       used 95278K, capacity 97817K, committed 98128K, reserved 1134592K
  class space    used 12144K, capacity 13087K, committed 13184K, reserved 1048576K
}
Event: 38.442 GC heap before
{Heap before GC invocations=42 (full 0):
 garbage-first heap   total 440320K, used 301623K [0x0000000080000000, 0x0000000100000000)
  region size 1024K, 71 young (72704K), 10 survivors (10240K)
 Metaspace       used 95285K, capacity 97859K, committed 98128K, reserved 1134592K
  class space    used 12139K, capacity 13077K, committed 13184K, reserved 1048576K
}
Event: 38.514 GC heap after
{Heap after GC invocations=43 (full 0):
 garbage-first heap   total 440320K, used 250880K [0x0000000080000000, 0x0000000100000000)
  region size 1024K, 9 young (9216K), 9 survivors (9216K)
 Metaspace       used 95285K, capacity 97859K, committed 98128K, reserved 1134592K
  class space    used 12139K, capacity 13077K, committed 13184K, reserved 1048576K
}
Event: 38.701 GC heap before
{Heap before GC invocations=43 (full 0):
 garbage-first heap   total 440320K, used 265216K [0x0000000080000000, 0x0000000100000000)
  region size 1024K, 21 young (21504K), 9 survivors (9216K)
 Metaspace       used 95297K, capacity 97859K, committed 98128K, reserved 1134592K
  class space    used 12139K, capacity 13077K, committed 13184K, reserved 1048576K
}

